Crashlog created at 2024-08-18 14:54:10 +0100

===== MESSAGE:

ArgumentError: missing keyword: :focus

===== STACK TRACE:

  0. /home/echog/.gem/gems/nanoc-live-1.1.0/lib/nanoc/live/live_recompiler.rb:6:in `initialize'
  1. /home/echog/.gem/gems/nanoc-cli-4.12.5/lib/nanoc/cli/commands/compile.rb:29:in `new'
  2. /home/echog/.gem/gems/nanoc-cli-4.12.5/lib/nanoc/cli/commands/compile.rb:29:in `run_repeat'
  3. /home/echog/.gem/gems/nanoc-cli-4.12.5/lib/nanoc/cli/commands/compile.rb:21:in `run'
  4. /home/echog/.gem/gems/nanoc-cli-4.12.5/lib/nanoc/cli/command_runner.rb:15:in `block in call'
  5. /home/echog/.gem/gems/nanoc-cli-4.12.5/lib/nanoc/cli/error_handler.rb:15:in `block in handle_while'
  6. /home/echog/.gem/gems/nanoc-cli-4.12.5/lib/nanoc/cli/error_handler.rb:57:in `handle_while'
  7. /home/echog/.gem/gems/nanoc-cli-4.12.5/lib/nanoc/cli/error_handler.rb:15:in `handle_while'
  8. /home/echog/.gem/gems/nanoc-cli-4.12.5/lib/nanoc/cli/command_runner.rb:14:in `call'
  9. /home/echog/.gem/gems/cri-2.15.12/lib/cri/command_dsl.rb:294:in `block in runner'
  10. /home/echog/.gem/gems/cri-2.15.12/lib/cri/command.rb:362:in `run_this'
  11. /home/echog/.gem/gems/cri-2.15.12/lib/cri/command.rb:298:in `run'
  12. /home/echog/.gem/gems/cri-2.15.12/lib/cri/command.rb:316:in `run'
  13. /home/echog/.gem/gems/nanoc-cli-4.12.5/lib/nanoc/cli.rb:88:in `block in run'
  14. /home/echog/.gem/gems/nanoc-cli-4.12.5/lib/nanoc/cli/error_handler.rb:15:in `block in handle_while'
  15. /home/echog/.gem/gems/nanoc-cli-4.12.5/lib/nanoc/cli/error_handler.rb:57:in `handle_while'
  16. /home/echog/.gem/gems/nanoc-cli-4.12.5/lib/nanoc/cli/error_handler.rb:15:in `handle_while'
  17. /home/echog/.gem/gems/nanoc-cli-4.12.5/lib/nanoc/cli.rb:86:in `run'
  18. /home/echog/.gem/gems/nanoc-4.12.5/bin/nanoc:18:in `<top (required)>'
  19. /home/echog/.gem/bin/nanoc:25:in `load'
  20. /home/echog/.gem/bin/nanoc:25:in `<top (required)>'
  21. /home/echog/.gem/gems/bundler-2.5.16/lib/bundler/cli/exec.rb:58:in `load'
  22. /home/echog/.gem/gems/bundler-2.5.16/lib/bundler/cli/exec.rb:58:in `kernel_load'
  23. /home/echog/.gem/gems/bundler-2.5.16/lib/bundler/cli/exec.rb:23:in `run'
  24. /home/echog/.gem/gems/bundler-2.5.16/lib/bundler/cli.rb:455:in `exec'
  25. /home/echog/.gem/gems/bundler-2.5.16/lib/bundler/vendor/thor/lib/thor/command.rb:28:in `run'
  26. /home/echog/.gem/gems/bundler-2.5.16/lib/bundler/vendor/thor/lib/thor/invocation.rb:127:in `invoke_command'
  27. /home/echog/.gem/gems/bundler-2.5.16/lib/bundler/vendor/thor/lib/thor.rb:527:in `dispatch'
  28. /home/echog/.gem/gems/bundler-2.5.16/lib/bundler/cli.rb:35:in `dispatch'
  29. /home/echog/.gem/gems/bundler-2.5.16/lib/bundler/vendor/thor/lib/thor/base.rb:584:in `start'
  30. /home/echog/.gem/gems/bundler-2.5.16/lib/bundler/cli.rb:29:in `start'
  31. /home/echog/.gem/gems/bundler-2.5.16/exe/bundle:28:in `block in <top (required)>'
  32. /home/echog/.gem/gems/bundler-2.5.16/lib/bundler/friendly_errors.rb:117:in `with_friendly_errors'
  33. /home/echog/.gem/gems/bundler-2.5.16/exe/bundle:20:in `<top (required)>'
  34. /home/echog/.local/share/gem/ruby/3.2.0/bin/bundle:25:in `load'

===== VERSION INFORMATION:

Nanoc 4.12.5 © 2007–2022 Denis Defreyne.
Running ruby 3.2.4 (2024-04-23) on x86_64-linux with RubyGems 3.4.19.

===== SYSTEM INFORMATION:

Linux endeavour-0000 6.10.5-arch1-1 #1 SMP PREEMPT_DYNAMIC Thu, 15 Aug 2024 00:25:30 +0000 x86_64 GNU/Linux

===== INSTALLED GEMS:

  addressable 2.8.0
  adsf 1.5.0
  adsf-live 1.5.0
  bundler 2.5.16
  cgi 0.4.1
  colored 1.2
  concurrent-ruby 1.3.3
  cri 2.15.12
  ddmetrics 1.1.0
  ddplugin 1.0.3
  diff-lcs 1.5.1
  em-websocket 0.5.3
  erb 4.0.4
  eventmachine 1.2.7
  ffi 1.17.0
  hamster 3.0.0
  http_parser.rb 0.8.0
  json_schema 0.21.0
  kramdown 2.4.0
  listen 3.9.0
  memo_wise 1.9.0
  nanoc 4.12.5
  nanoc-checking 1.0.5
  nanoc-cli 4.12.5
  nanoc-core 4.12.5
  nanoc-deploying 1.0.1
  nanoc-live 1.1.0
  parallel 1.24.0
  pastel 0.8.0
  public_suffix 4.0.6
  rack 3.0.11
  rack-livereload 0.6.0
  rackup 2.1.0
  rb-fsevent 0.11.2
  rb-inotify 0.11.1
  rexml 3.3.2
  slow_enumerator_tools 1.1.0
  strscan 3.1.0
  tty-color 0.6.0
  tty-command 0.10.1
  tty-platform 0.3.0
  tty-which 0.5.0
  webrick 1.8.1
  zeitwerk 2.6.16

===== GEMFILE.LOCK:

GEM
  remote: https://rubygems.org/
  specs:
    addressable (2.8.0)
      public_suffix (>= 2.0.2, < 5.0)
    adsf (1.5.0)
      rack (>= 1.0.0, < 4.0.0)
      rackup (~> 2.1)
    adsf-live (1.5.0)
      adsf (~> 1.3)
      em-websocket (~> 0.5)
      eventmachine (~> 1.2)
      listen (~> 3.0)
      rack-livereload (~> 0.3)
    cgi (0.4.1)
    colored (1.2)
    concurrent-ruby (1.3.3)
    cri (2.15.12)
    ddmetrics (1.1.0)
    ddplugin (1.0.3)
    diff-lcs (1.5.1)
    em-websocket (0.5.3)
      eventmachine (>= 0.12.9)
      http_parser.rb (~> 0)
    erb (4.0.4)
      cgi (>= 0.3.3)
    eventmachine (1.2.7)
    ffi (1.17.0-x86_64-linux-gnu)
    hamster (3.0.0)
      concurrent-ruby (~> 1.0)
    http_parser.rb (0.8.0)
    json_schema (0.21.0)
    kramdown (2.4.0)
      rexml
    listen (3.9.0)
      rb-fsevent (~> 0.10, >= 0.10.3)
      rb-inotify (~> 0.9, >= 0.9.10)
    memo_wise (1.9.0)
    nanoc (4.12.5)
      addressable (~> 2.5)
      colored (~> 1.2)
      nanoc-checking (~> 1.0, >= 1.0.2)
      nanoc-cli (= 4.12.5)
      nanoc-core (= 4.12.5)
      nanoc-deploying (~> 1.0)
      parallel (~> 1.12)
      tty-command (~> 0.8)
      tty-which (~> 0.4)
    nanoc-checking (1.0.5)
      nanoc-cli (~> 4.12, >= 4.12.5)
      nanoc-core (~> 4.12, >= 4.12.5)
    nanoc-cli (4.12.5)
      cri (~> 2.15)
      diff-lcs (~> 1.3)
      nanoc-core (= 4.12.5)
      zeitwerk (~> 2.1)
    nanoc-core (4.12.5)
      concurrent-ruby (~> 1.1)
      ddmetrics (~> 1.0)
      ddplugin (~> 1.0)
      hamster (~> 3.0)
      json_schema (~> 0.19)
      memo_wise (~> 1.5)
      slow_enumerator_tools (~> 1.0)
      tty-platform (~> 0.2)
      zeitwerk (~> 2.1)
    nanoc-deploying (1.0.1)
      nanoc-checking (~> 1.0)
      nanoc-cli (~> 4.11, >= 4.11.15)
      nanoc-core (~> 4.11, >= 4.11.15)
    nanoc-live (1.1.0)
      adsf-live (~> 1.4)
      listen (~> 3.0)
      nanoc-cli (~> 4.11, >= 4.11.14)
      nanoc-core (~> 4.11, >= 4.11.14)
    parallel (1.24.0)
    pastel (0.8.0)
      tty-color (~> 0.5)
    public_suffix (4.0.6)
    rack (3.0.11)
    rack-livereload (0.6.0)
      rack (~> 3.0.8)
    rackup (2.1.0)
      rack (>= 3)
      webrick (~> 1.8)
    rb-fsevent (0.11.2)
    rb-inotify (0.11.1)
      ffi (~> 1.0)
    rexml (3.3.2)
      strscan
    slow_enumerator_tools (1.1.0)
    strscan (3.1.0)
    tty-color (0.6.0)
    tty-command (0.10.1)
      pastel (~> 0.8)
    tty-platform (0.3.0)
    tty-which (0.5.0)
    webrick (1.8.1)
    zeitwerk (2.6.16)

PLATFORMS
  x86_64-linux

DEPENDENCIES
  adsf
  erb
  kramdown
  nanoc
  nanoc-live (~> 1.1)

RUBY VERSION
   ruby 3.2.2p53

BUNDLED WITH
   2.5.16

===== LOAD PATHS:

  0. /home/echog/.gem/gems/http_parser.rb-0.8.0/lib
  1. /home/echog/.gem/gems/em-websocket-0.5.3/lib/../lib
  2. /home/echog/.gem/gems/bundler-2.5.16/lib
  3. /home/echog/.gem/gems/nanoc-live-1.1.0/lib
  4. /home/echog/.gem/gems/nanoc-4.12.5/lib
  5. /home/echog/.gem/gems/tty-which-0.5.0/lib
  6. /home/echog/.gem/gems/tty-command-0.10.1/lib
  7. /home/echog/.gem/gems/pastel-0.8.0/lib
  8. /home/echog/.gem/gems/tty-color-0.6.0/lib
  9. /home/echog/.gem/gems/parallel-1.24.0/lib
  10. /home/echog/.gem/gems/nanoc-deploying-1.0.1/lib
  11. /home/echog/.gem/gems/nanoc-checking-1.0.5/lib
  12. /home/echog/.gem/gems/nanoc-cli-4.12.5/lib
  13. /home/echog/.gem/gems/nanoc-core-4.12.5/lib
  14. /home/echog/.gem/gems/zeitwerk-2.6.16/lib
  15. /home/echog/.gem/gems/tty-platform-0.3.0/lib
  16. /home/echog/.gem/gems/slow_enumerator_tools-1.1.0/lib
  17. /home/echog/.gem/gems/memo_wise-1.9.0/lib
  18. /home/echog/.gem/gems/kramdown-2.4.0/lib
  19. /home/echog/.gem/gems/rexml-3.3.2/lib
  20. /home/echog/.gem/gems/strscan-3.1.0/lib
  21. /home/echog/.gem/extensions/x86_64-linux/3.2.0/strscan-3.1.0
  22. /home/echog/.gem/gems/json_schema-0.21.0/lib
  23. /home/echog/.gem/gems/hamster-3.0.0/lib
  24. /home/echog/.gem/gems/erb-4.0.4/lib
  25. /home/echog/.gem/extensions/x86_64-linux/3.2.0/erb-4.0.4
  26. /home/echog/.gem/gems/diff-lcs-1.5.1/lib
  27. /home/echog/.gem/gems/ddplugin-1.0.3/lib
  28. /home/echog/.gem/gems/ddmetrics-1.1.0/lib
  29. /home/echog/.gem/gems/cri-2.15.12/lib
  30. /home/echog/.gem/gems/concurrent-ruby-1.3.3/lib/concurrent-ruby
  31. /home/echog/.gem/gems/colored-1.2/lib
  32. /home/echog/.gem/gems/cgi-0.4.1/lib
  33. /home/echog/.gem/extensions/x86_64-linux/3.2.0/cgi-0.4.1
  34. /home/echog/.gem/gems/adsf-live-1.5.0/lib
  35. /home/echog/.gem/gems/rack-livereload-0.6.0/lib
  36. /home/echog/.gem/gems/listen-3.9.0/lib
  37. /home/echog/.gem/gems/rb-inotify-0.11.1/lib
  38. /home/echog/.gem/gems/ffi-1.17.0-x86_64-linux-gnu/lib
  39. /home/echog/.gem/gems/rb-fsevent-0.11.2/lib
  40. /home/echog/.gem/gems/em-websocket-0.5.3/lib
  41. /home/echog/.gem/gems/http_parser.rb-0.8.0/lib
  42. /home/echog/.gem/extensions/x86_64-linux/3.2.0/http_parser.rb-0.8.0
  43. /home/echog/.gem/gems/eventmachine-1.2.7/lib
  44. /home/echog/.gem/extensions/x86_64-linux/3.2.0/eventmachine-1.2.7
  45. /home/echog/.gem/gems/adsf-1.5.0/lib
  46. /home/echog/.gem/gems/rackup-2.1.0/lib
  47. /home/echog/.gem/gems/webrick-1.8.1/lib
  48. /home/echog/.gem/gems/rack-3.0.11/lib
  49. /home/echog/.gem/gems/addressable-2.8.0/lib
  50. /home/echog/.gem/gems/public_suffix-4.0.6/lib
  51. /usr/lib/ruby/site_ruby/3.2.0
  52. /usr/lib/ruby/site_ruby/3.2.0/x86_64-linux
  53. /usr/lib/ruby/site_ruby
  54. /usr/lib/ruby/vendor_ruby/3.2.0
  55. /usr/lib/ruby/vendor_ruby/3.2.0/x86_64-linux
  56. /usr/lib/ruby/vendor_ruby
  57. /usr/lib/ruby/3.2.0
  58. /usr/lib/ruby/3.2.0/x86_64-linux
